  main.cpp
E:\Learning\CIS565\Project1-CUDA-Flocking\src\main.cpp(110,1): warning C4996: 'cudaGLSetGLDevice': was declared deprecated
D:\cuda\dev\include\cuda_gl_interop.h(305): message : see declaration of 'cudaGLSetGLDevice'
E:\Learning\CIS565\Project1-CUDA-Flocking\src\main.cpp(112,1): warning C4996: 'cudaGLRegisterBufferObject': was declared deprecated
D:\cuda\dev\include\cuda_gl_interop.h(327): message : see declaration of 'cudaGLRegisterBufferObject'
E:\Learning\CIS565\Project1-CUDA-Flocking\src\main.cpp(113,1): warning C4996: 'cudaGLRegisterBufferObject': was declared deprecated
D:\cuda\dev\include\cuda_gl_interop.h(327): message : see declaration of 'cudaGLRegisterBufferObject'
E:\Learning\CIS565\Project1-CUDA-Flocking\src\main.cpp(199,3): warning C4996: 'cudaGLMapBufferObject': was declared deprecated
D:\cuda\dev\include\cuda_gl_interop.h(356): message : see declaration of 'cudaGLMapBufferObject'
E:\Learning\CIS565\Project1-CUDA-Flocking\src\main.cpp(200,3): warning C4996: 'cudaGLMapBufferObject': was declared deprecated
D:\cuda\dev\include\cuda_gl_interop.h(356): message : see declaration of 'cudaGLMapBufferObject'
E:\Learning\CIS565\Project1-CUDA-Flocking\src\main.cpp(215,3): warning C4996: 'cudaGLUnmapBufferObject': was declared deprecated
D:\cuda\dev\include\cuda_gl_interop.h(382): message : see declaration of 'cudaGLUnmapBufferObject'
E:\Learning\CIS565\Project1-CUDA-Flocking\src\main.cpp(216,3): warning C4996: 'cudaGLUnmapBufferObject': was declared deprecated
D:\cuda\dev\include\cuda_gl_interop.h(382): message : see declaration of 'cudaGLUnmapBufferObject'
E:\Learning\CIS565\Project1-CUDA-Flocking\src\main.cpp(238,28): warning C4244: '+=': conversion from 'double' to 'float', possible loss of data
E:\Learning\CIS565\Project1-CUDA-Flocking\src\main.cpp(296,36): warning C4244: '+=': conversion from 'double' to 'float', possible loss of data
E:\Learning\CIS565\Project1-CUDA-Flocking\src\main.cpp(297,39): warning C4244: '-=': conversion from 'double' to 'float', possible loss of data
E:\Learning\CIS565\Project1-CUDA-Flocking\src\main.cpp(302,38): warning C4244: '+=': conversion from 'double' to 'float', possible loss of data
     Creating library E:/Learning/CIS565/Project1-CUDA-Flocking/build/lib/Release/cis565_boids.lib and object E:/Learning/CIS565/Project1-CUDA-Flocking/build/lib/Release/cis565_boids.exp
LINK : warning LNK4098: defaultlib 'LIBCMT' conflicts with use of other libs; use /NODEFAULTLIB:library
  cis565_boids.vcxproj -> E:\Learning\CIS565\Project1-CUDA-Flocking\build\bin\Release\cis565_boids.exe
