e:\learning\cis565\project1-cuda-flocking\build\lib\debug\cis565_boids.lib
e:\learning\cis565\project1-cuda-flocking\build\lib\debug\cis565_boids.exp
e:\learning\cis565\project1-cuda-flocking\build\cis565_boids.dir\debug\vc142.pdb
e:\learning\cis565\project1-cuda-flocking\build\cis565_boids.dir\debug\utilitycore.obj
e:\learning\cis565\project1-cuda-flocking\build\cis565_boids.dir\debug\main.obj
e:\learning\cis565\project1-cuda-flocking\build\cis565_boids.dir\debug\glslutility.obj
e:\learning\cis565\project1-cuda-flocking\build\cmakefiles\cis565_boids.dir\src\debug\cis565_boids_generated_kernel.cu.obj
e:\learning\cis565\project1-cuda-flocking\build\cmakefiles\generate.stamp
e:\learning\cis565\project1-cuda-flocking\build\bin\debug\cis565_boids.exe
e:\learning\cis565\project1-cuda-flocking\build\bin\debug\cis565_boids.ilk
e:\learning\cis565\project1-cuda-flocking\build\bin\debug\cis565_boids.pdb
e:\learning\cis565\project1-cuda-flocking\build\cis565_boids.dir\debug\cis565_boids.tlog\cis565_boids.write.1u.tlog
e:\learning\cis565\project1-cuda-flocking\build\cis565_boids.dir\debug\cis565_boids.tlog\cl.command.1.tlog
e:\learning\cis565\project1-cuda-flocking\build\cis565_boids.dir\debug\cis565_boids.tlog\cl.read.1.tlog
e:\learning\cis565\project1-cuda-flocking\build\cis565_boids.dir\debug\cis565_boids.tlog\cl.write.1.tlog
e:\learning\cis565\project1-cuda-flocking\build\cis565_boids.dir\debug\cis565_boids.tlog\custombuild.command.1.tlog
e:\learning\cis565\project1-cuda-flocking\build\cis565_boids.dir\debug\cis565_boids.tlog\custombuild.read.1.tlog
e:\learning\cis565\project1-cuda-flocking\build\cis565_boids.dir\debug\cis565_boids.tlog\custombuild.write.1.tlog
e:\learning\cis565\project1-cuda-flocking\build\cis565_boids.dir\debug\cis565_boids.tlog\link.command.1.tlog
e:\learning\cis565\project1-cuda-flocking\build\cis565_boids.dir\debug\cis565_boids.tlog\link.read.1.tlog
e:\learning\cis565\project1-cuda-flocking\build\cis565_boids.dir\debug\cis565_boids.tlog\link.write.1.tlog
